12-53:33.224[main] INFO  testCases.AccountRegistrationTest - **** Starting TC001_AccountRegistrationTest ****
12-53:34.500[main] INFO  testCases.AccountRegistrationTest - Clicked On MyAccount Link..
12-53:37.827[main] INFO  testCases.AccountRegistrationTest - Clicked on Register Link
12-53:37.848[main] INFO  testCases.AccountRegistrationTest - Providing Customer Details
12-53:39.589[main] INFO  testCases.AccountRegistrationTest - Validating expected message.
12-53:43.711[main] INFO  testCases.AccountRegistrationTest - **** Finished TC001_AccountRegistrationTest ****
12-56:59.576[main] INFO  testCases.AccountRegistrationTest - **** Starting TC001_AccountRegistrationTest ****
12-57:00.201[main] INFO  testCases.AccountRegistrationTest - Clicked On MyAccount Link..
12-57:01.727[main] INFO  testCases.AccountRegistrationTest - Clicked on Register Link
12-57:01.812[main] INFO  testCases.AccountRegistrationTest - Providing Customer Details
12-57:03.387[main] INFO  testCases.AccountRegistrationTest - Validating expected message.
12-57:05.827[main] INFO  testCases.AccountRegistrationTest - **** Finished TC001_AccountRegistrationTest ****
13-01:50.311[main] INFO  testCases.AccountRegistrationTest - **** Starting TC001_AccountRegistrationTest ****
13-01:50.579[main] INFO  testCases.AccountRegistrationTest - Clicked On MyAccount Link..
13-01:52.033[main] INFO  testCases.AccountRegistrationTest - Clicked on Register Link
13-01:52.035[main] INFO  testCases.AccountRegistrationTest - Providing Customer Details
13-01:53.348[main] INFO  testCases.AccountRegistrationTest - Validating expected message.
13-01:55.275[main] INFO  testCases.AccountRegistrationTest - **** Finished TC001_AccountRegistrationTest ****
19-43:11.475[main] INFO  testCases.AccountRegistrationTest - **** Starting TC001_AccountRegistrationTest ****
19-43:12.249[main] INFO  testCases.AccountRegistrationTest - Clicked On MyAccount Link..
19-43:14.385[main] INFO  testCases.AccountRegistrationTest - Clicked on Register Link
19-43:14.386[main] INFO  testCases.AccountRegistrationTest - Providing Customer Details
19-43:15.678[main] INFO  testCases.AccountRegistrationTest - Validating expected message.
19-43:20.307[main] INFO  testCases.AccountRegistrationTest - **** Finished TC001_AccountRegistrationTest ****
19-52:42.013[TestNG-tests-1] INFO  testCases.AccountRegistrationTest - **** Starting TC001_AccountRegistrationTest ****
19-52:42.138[TestNG-tests-1] INFO  testCases.AccountRegistrationTest - Clicked On MyAccount Link..
19-52:53.756[TestNG-tests-1] INFO  testCases.AccountRegistrationTest - Clicked on Register Link
19-52:53.758[TestNG-tests-1] INFO  testCases.AccountRegistrationTest - Providing Customer Details
19-52:55.566[TestNG-tests-1] ERROR testCases.AccountRegistrationTest - Test Failed
19-53:15.093[TestNG-tests-2] INFO  testCases.AccountRegistrationTest - **** Starting TC001_AccountRegistrationTest ****
19-53:15.164[TestNG-tests-2] INFO  testCases.AccountRegistrationTest - Clicked On MyAccount Link..
19-53:18.785[TestNG-tests-2] INFO  testCases.AccountRegistrationTest - Clicked on Register Link
19-53:18.786[TestNG-tests-2] INFO  testCases.AccountRegistrationTest - Providing Customer Details
19-53:20.355[TestNG-tests-2] ERROR testCases.AccountRegistrationTest - Test Failed
19-54:19.116[TestNG-tests-3] INFO  testCases.AccountRegistrationTest - **** Starting TC001_AccountRegistrationTest ****
19-54:19.771[TestNG-tests-3] INFO  testCases.AccountRegistrationTest - Clicked On MyAccount Link..
19-54:24.484[TestNG-tests-3] INFO  testCases.AccountRegistrationTest - Clicked on Register Link
19-54:24.485[TestNG-tests-3] INFO  testCases.AccountRegistrationTest - Providing Customer Details
19-54:26.603[TestNG-tests-3] ERROR testCases.AccountRegistrationTest - Test Failed
17-51:52.612[main] INFO  testCases.LoginTest - **** Starting Login Test ****
19-33:35.872[main] INFO  testCases.LoginDDT - ***** Starting Test ****
19-33:50.741[main] INFO  testCases.LoginDDT - ***** Starting Test ****
19-34:02.528[main] INFO  testCases.LoginDDT - ***** Starting Test ****
19-34:17.034[main] INFO  testCases.LoginDDT - ***** Starting Test ****
15-46:05.451[main] INFO  testCases.AccountRegistrationTest - **** Starting TC001_AccountRegistrationTest ****
15-46:05.970[main] INFO  testCases.AccountRegistrationTest - Clicked On MyAccount Link..
15-46:08.987[main] INFO  testCases.AccountRegistrationTest - Clicked on Register Link
15-46:08.988[main] INFO  testCases.AccountRegistrationTest - Providing Customer Details
15-46:10.760[main] ERROR testCases.AccountRegistrationTest - Test Failed
15-46:21.872[main] INFO  testCases.LoginTest - **** Starting Login Test ****
08-53:54.332[main] INFO  testCases.AccountRegistrationTest - **** Starting TC001_AccountRegistrationTest ****
08-53:56.318[main] INFO  testCases.AccountRegistrationTest - Clicked On MyAccount Link..
08-54:00.549[main] INFO  testCases.AccountRegistrationTest - Clicked on Register Link
